26-Jan-2017 17:10:04.288 INFO [main] org.apache.catalina.startup.VersionLoggerListener.log Server version:        Apache Tomcat/8.0.41
26-Jan-2017 17:10:04.290 INFO [main] org.apache.catalina.startup.VersionLoggerListener.log Server built:          Jan 18 2017 22:19:39 UTC
26-Jan-2017 17:10:04.291 INFO [main] org.apache.catalina.startup.VersionLoggerListener.log Server number:         8.0.41.0
26-Jan-2017 17:10:04.291 INFO [main] org.apache.catalina.startup.VersionLoggerListener.log OS Name:               Mac OS X
26-Jan-2017 17:10:04.291 INFO [main] org.apache.catalina.startup.VersionLoggerListener.log OS Version:            10.12
26-Jan-2017 17:10:04.291 INFO [main] org.apache.catalina.startup.VersionLoggerListener.log Architecture:          x86_64
26-Jan-2017 17:10:04.291 INFO [main] org.apache.catalina.startup.VersionLoggerListener.log Java Home:             /Library/Java/JavaVirtualMachines/jdk1.8.0_101.jdk/Contents/Home/jre
26-Jan-2017 17:10:04.291 INFO [main] org.apache.catalina.startup.VersionLoggerListener.log JVM Version:           1.8.0_101-b13
26-Jan-2017 17:10:04.291 INFO [main] org.apache.catalina.startup.VersionLoggerListener.log JVM Vendor:            Oracle Corporation
26-Jan-2017 17:10:04.292 INFO [main] org.apache.catalina.startup.VersionLoggerListener.log CATALINA_BASE:         /Users/Nicolas/Development/eclipse/workspace/service/apache-tomcat-8.0.41
26-Jan-2017 17:10:04.292 INFO [main] org.apache.catalina.startup.VersionLoggerListener.log CATALINA_HOME:         /Users/Nicolas/Development/eclipse/workspace/service/apache-tomcat-8.0.41
26-Jan-2017 17:10:04.292 INFO [main] org.apache.catalina.startup.VersionLoggerListener.log Command line argument: -Djava.util.logging.config.file=/Users/Nicolas/Development/eclipse/workspace/service/apache-tomcat-8.0.41/conf/logging.properties
26-Jan-2017 17:10:04.293 INFO [main] org.apache.catalina.startup.VersionLoggerListener.log Command line argument: -Djava.util.logging.manager=org.apache.juli.ClassLoaderLogManager
26-Jan-2017 17:10:04.293 INFO [main] org.apache.catalina.startup.VersionLoggerListener.log Command line argument: -Djdk.tls.ephemeralDHKeySize=2048
26-Jan-2017 17:10:04.293 INFO [main] org.apache.catalina.startup.VersionLoggerListener.log Command line argument: -Djava.protocol.handler.pkgs=org.apache.catalina.webresources
26-Jan-2017 17:10:04.293 INFO [main] org.apache.catalina.startup.VersionLoggerListener.log Command line argument: -Djava.endorsed.dirs=/Users/Nicolas/Development/eclipse/workspace/service/apache-tomcat-8.0.41/endorsed
26-Jan-2017 17:10:04.293 INFO [main] org.apache.catalina.startup.VersionLoggerListener.log Command line argument: -Dcatalina.base=/Users/Nicolas/Development/eclipse/workspace/service/apache-tomcat-8.0.41
26-Jan-2017 17:10:04.293 INFO [main] org.apache.catalina.startup.VersionLoggerListener.log Command line argument: -Dcatalina.home=/Users/Nicolas/Development/eclipse/workspace/service/apache-tomcat-8.0.41
26-Jan-2017 17:10:04.293 INFO [main] org.apache.catalina.startup.VersionLoggerListener.log Command line argument: -Djava.io.tmpdir=/Users/Nicolas/Development/eclipse/workspace/service/apache-tomcat-8.0.41/temp
26-Jan-2017 17:10:04.293 INFO [main] org.apache.catalina.core.AprLifecycleListener.lifecycleEvent The APR based Apache Tomcat Native library which allows optimal performance in production environments was not found on the java.library.path: /Users/Nicolas/Library/Java/Extensions:/Library/Java/Extensions:/Network/Library/Java/Extensions:/System/Library/Java/Extensions:/usr/lib/java:.
26-Jan-2017 17:10:04.446 INFO [main] org.apache.coyote.AbstractProtocol.init Initializing ProtocolHandler ["http-nio-8080"]
26-Jan-2017 17:10:04.478 INFO [main] org.apache.tomcat.util.net.NioSelectorPool.getSharedSelector Using a shared selector for servlet write/read
26-Jan-2017 17:10:04.483 INFO [main] org.apache.coyote.AbstractProtocol.init Initializing ProtocolHandler ["ajp-nio-8009"]
26-Jan-2017 17:10:04.485 INFO [main] org.apache.tomcat.util.net.NioSelectorPool.getSharedSelector Using a shared selector for servlet write/read
26-Jan-2017 17:10:04.485 INFO [main] org.apache.catalina.startup.Catalina.load Initialization processed in 620 ms
26-Jan-2017 17:10:04.508 INFO [main] org.apache.catalina.core.StandardService.startInternal Starting service Catalina
26-Jan-2017 17:10:04.508 INFO [main] org.apache.catalina.core.StandardEngine.startInternal Starting Servlet Engine: Apache Tomcat/8.0.41
26-Jan-2017 17:10:04.516 INFO [localhost-startStop-1] org.apache.catalina.startup.HostConfig.deployDirectory Deploying web application directory /Users/Nicolas/Development/eclipse/workspace/service/apache-tomcat-8.0.41/webapps/docs
26-Jan-2017 17:10:04.859 INFO [localhost-startStop-1] org.apache.catalina.startup.HostConfig.deployDirectory Deployment of web application directory /Users/Nicolas/Development/eclipse/workspace/service/apache-tomcat-8.0.41/webapps/docs has finished in 343 ms
26-Jan-2017 17:10:04.859 INFO [localhost-startStop-1] org.apache.catalina.startup.HostConfig.deployDirectory Deploying web application directory /Users/Nicolas/Development/eclipse/workspace/service/apache-tomcat-8.0.41/webapps/examples
26-Jan-2017 17:10:05.158 INFO [localhost-startStop-1] org.apache.catalina.startup.HostConfig.deployDirectory Deployment of web application directory /Users/Nicolas/Development/eclipse/workspace/service/apache-tomcat-8.0.41/webapps/examples has finished in 299 ms
26-Jan-2017 17:10:05.158 INFO [localhost-startStop-1] org.apache.catalina.startup.HostConfig.deployDirectory Deploying web application directory /Users/Nicolas/Development/eclipse/workspace/service/apache-tomcat-8.0.41/webapps/host-manager
26-Jan-2017 17:10:05.186 INFO [localhost-startStop-1] org.apache.catalina.startup.HostConfig.deployDirectory Deployment of web application directory /Users/Nicolas/Development/eclipse/workspace/service/apache-tomcat-8.0.41/webapps/host-manager has finished in 28 ms
26-Jan-2017 17:10:05.186 INFO [localhost-startStop-1] org.apache.catalina.startup.HostConfig.deployDirectory Deploying web application directory /Users/Nicolas/Development/eclipse/workspace/service/apache-tomcat-8.0.41/webapps/manager
26-Jan-2017 17:10:05.215 INFO [localhost-startStop-1] org.apache.catalina.startup.HostConfig.deployDirectory Deployment of web application directory /Users/Nicolas/Development/eclipse/workspace/service/apache-tomcat-8.0.41/webapps/manager has finished in 29 ms
26-Jan-2017 17:10:05.215 INFO [localhost-startStop-1] org.apache.catalina.startup.HostConfig.deployDirectory Deploying web application directory /Users/Nicolas/Development/eclipse/workspace/service/apache-tomcat-8.0.41/webapps/ROOT
26-Jan-2017 17:10:05.235 INFO [localhost-startStop-1] org.apache.catalina.startup.HostConfig.deployDirectory Deployment of web application directory /Users/Nicolas/Development/eclipse/workspace/service/apache-tomcat-8.0.41/webapps/ROOT has finished in 19 ms
26-Jan-2017 17:10:05.240 INFO [main] org.apache.coyote.AbstractProtocol.start Starting ProtocolHandler ["http-nio-8080"]
26-Jan-2017 17:10:05.251 INFO [main] org.apache.coyote.AbstractProtocol.start Starting ProtocolHandler ["ajp-nio-8009"]
26-Jan-2017 17:10:05.256 INFO [main] org.apache.catalina.startup.Catalina.start Server startup in 770 ms
26-Jan-2017 17:33:45.707 INFO [ContainerBackgroundProcessor[StandardEngine[Catalina]]] org.apache.catalina.startup.HostConfig.undeploy Undeploying context []
26-Jan-2017 17:33:45.713 WARNING [ContainerBackgroundProcessor[StandardEngine[Catalina]]] org.apache.catalina.loader.WebappClassLoaderBase.clearReferencesJdbc JDBC driver de-registration failed for web application [ROOT]
 java.lang.NullPointerException
	at org.apache.catalina.loader.WebappClassLoaderBase.clearReferencesJdbc(WebappClassLoaderBase.java:1652)
	at org.apache.catalina.loader.WebappClassLoaderBase.clearReferences(WebappClassLoaderBase.java:1585)
	at org.apache.catalina.loader.WebappClassLoaderBase.stop(WebappClassLoaderBase.java:1537)
	at org.apache.catalina.loader.WebappLoader.stopInternal(WebappLoader.java:446)
	at org.apache.catalina.util.LifecycleBase.stop(LifecycleBase.java:221)
	at org.apache.catalina.core.StandardContext.stopInternal(StandardContext.java:5572)
	at org.apache.catalina.util.LifecycleBase.stop(LifecycleBase.java:221)
	at org.apache.catalina.core.ContainerBase.removeChild(ContainerBase.java:849)
	at org.apache.catalina.startup.HostConfig.undeploy(HostConfig.java:1395)
	at org.apache.catalina.startup.HostConfig.checkResources(HostConfig.java:1321)
	at org.apache.catalina.startup.HostConfig.check(HostConfig.java:1581)
	at org.apache.catalina.startup.HostConfig.lifecycleEvent(HostConfig.java:284)
	at org.apache.catalina.util.LifecycleSupport.fireLifecycleEvent(LifecycleSupport.java:95)
	at org.apache.catalina.util.LifecycleBase.fireLifecycleEvent(LifecycleBase.java:90)
	at org.apache.catalina.core.ContainerBase.backgroundProcess(ContainerBase.java:1168)
	at org.apache.catalina.core.ContainerBase$ContainerBackgroundProcessor.processChildren(ContainerBase.java:1377)
	at org.apache.catalina.core.ContainerBase$ContainerBackgroundProcessor.processChildren(ContainerBase.java:1381)
	at org.apache.catalina.core.ContainerBase$ContainerBackgroundProcessor.run(ContainerBase.java:1349)
	at java.lang.Thread.run(Thread.java:745)

26-Jan-2017 17:33:46.228 INFO [ContainerBackgroundProcessor[StandardEngine[Catalina]]] org.apache.catalina.startup.HostConfig.undeploy Undeploying context [/examples]
26-Jan-2017 17:33:46.234 WARNING [ContainerBackgroundProcessor[StandardEngine[Catalina]]] org.apache.catalina.loader.WebappClassLoaderBase.clearReferencesJdbc JDBC driver de-registration failed for web application [examples]
 java.lang.IllegalStateException: java.io.FileNotFoundException: /Users/Nicolas/Development/eclipse/workspace/service/apache-tomcat-8.0.41/webapps/examples/WEB-INF/lib/taglibs-standard-impl-1.2.5.jar (No such file or directory)
	at org.apache.catalina.webresources.AbstractSingleArchiveResourceSet.getArchiveEntry(AbstractSingleArchiveResourceSet.java:97)
	at org.apache.catalina.webresources.AbstractArchiveResourceSet.getResource(AbstractArchiveResourceSet.java:260)
	at org.apache.catalina.webresources.StandardRoot.getResourceInternal(StandardRoot.java:280)
	at org.apache.catalina.webresources.Cache.getResource(Cache.java:62)
	at org.apache.catalina.webresources.StandardRoot.getResource(StandardRoot.java:215)
	at org.apache.catalina.webresources.StandardRoot.getClassLoaderResource(StandardRoot.java:224)
	at org.apache.catalina.loader.WebappClassLoaderBase.findResourceInternal(WebappClassLoaderBase.java:2633)
	at org.apache.catalina.loader.WebappClassLoaderBase.findResource(WebappClassLoaderBase.java:938)
	at org.apache.catalina.loader.WebappClassLoaderBase.getResourceAsStream(WebappClassLoaderBase.java:1118)
	at org.apache.catalina.loader.WebappClassLoaderBase.clearReferencesJdbc(WebappClassLoaderBase.java:1650)
	at org.apache.catalina.loader.WebappClassLoaderBase.clearReferences(WebappClassLoaderBase.java:1585)
	at org.apache.catalina.loader.WebappClassLoaderBase.stop(WebappClassLoaderBase.java:1537)
	at org.apache.catalina.loader.WebappLoader.stopInternal(WebappLoader.java:446)
	at org.apache.catalina.util.LifecycleBase.stop(LifecycleBase.java:221)
	at org.apache.catalina.core.StandardContext.stopInternal(StandardContext.java:5572)
	at org.apache.catalina.util.LifecycleBase.stop(LifecycleBase.java:221)
	at org.apache.catalina.core.ContainerBase.removeChild(ContainerBase.java:849)
	at org.apache.catalina.startup.HostConfig.undeploy(HostConfig.java:1395)
	at org.apache.catalina.startup.HostConfig.checkResources(HostConfig.java:1321)
	at org.apache.catalina.startup.HostConfig.check(HostConfig.java:1581)
	at org.apache.catalina.startup.HostConfig.lifecycleEvent(HostConfig.java:284)
	at org.apache.catalina.util.LifecycleSupport.fireLifecycleEvent(LifecycleSupport.java:95)
	at org.apache.catalina.util.LifecycleBase.fireLifecycleEvent(LifecycleBase.java:90)
	at org.apache.catalina.core.ContainerBase.backgroundProcess(ContainerBase.java:1168)
	at org.apache.catalina.core.ContainerBase$ContainerBackgroundProcessor.processChildren(ContainerBase.java:1377)
	at org.apache.catalina.core.ContainerBase$ContainerBackgroundProcessor.processChildren(ContainerBase.java:1381)
	at org.apache.catalina.core.ContainerBase$ContainerBackgroundProcessor.run(ContainerBase.java:1349)
	at java.lang.Thread.run(Thread.java:745)
Caused by: java.io.FileNotFoundException: /Users/Nicolas/Development/eclipse/workspace/service/apache-tomcat-8.0.41/webapps/examples/WEB-INF/lib/taglibs-standard-impl-1.2.5.jar (No such file or directory)
	at java.util.zip.ZipFile.open(Native Method)
	at java.util.zip.ZipFile.<init>(ZipFile.java:219)
	at java.util.zip.ZipFile.<init>(ZipFile.java:149)
	at java.util.jar.JarFile.<init>(JarFile.java:166)
	at java.util.jar.JarFile.<init>(JarFile.java:103)
	at org.apache.catalina.webresources.AbstractArchiveResourceSet.openJarFile(AbstractArchiveResourceSet.java:308)
	at org.apache.catalina.webresources.AbstractSingleArchiveResourceSet.getArchiveEntry(AbstractSingleArchiveResourceSet.java:93)
	... 27 more

26-Jan-2017 17:33:46.741 INFO [ContainerBackgroundProcessor[StandardEngine[Catalina]]] org.apache.catalina.startup.HostConfig.undeploy Undeploying context [/host-manager]
26-Jan-2017 17:33:46.744 WARNING [ContainerBackgroundProcessor[StandardEngine[Catalina]]] org.apache.catalina.loader.WebappClassLoaderBase.clearReferencesJdbc JDBC driver de-registration failed for web application [host-manager]
 java.lang.NullPointerException
	at org.apache.catalina.loader.WebappClassLoaderBase.clearReferencesJdbc(WebappClassLoaderBase.java:1652)
	at org.apache.catalina.loader.WebappClassLoaderBase.clearReferences(WebappClassLoaderBase.java:1585)
	at org.apache.catalina.loader.WebappClassLoaderBase.stop(WebappClassLoaderBase.java:1537)
	at org.apache.catalina.loader.WebappLoader.stopInternal(WebappLoader.java:446)
	at org.apache.catalina.util.LifecycleBase.stop(LifecycleBase.java:221)
	at org.apache.catalina.core.StandardContext.stopInternal(StandardContext.java:5572)
	at org.apache.catalina.util.LifecycleBase.stop(LifecycleBase.java:221)
	at org.apache.catalina.core.ContainerBase.removeChild(ContainerBase.java:849)
	at org.apache.catalina.startup.HostConfig.undeploy(HostConfig.java:1395)
	at org.apache.catalina.startup.HostConfig.checkResources(HostConfig.java:1321)
	at org.apache.catalina.startup.HostConfig.check(HostConfig.java:1581)
	at org.apache.catalina.startup.HostConfig.lifecycleEvent(HostConfig.java:284)
	at org.apache.catalina.util.LifecycleSupport.fireLifecycleEvent(LifecycleSupport.java:95)
	at org.apache.catalina.util.LifecycleBase.fireLifecycleEvent(LifecycleBase.java:90)
	at org.apache.catalina.core.ContainerBase.backgroundProcess(ContainerBase.java:1168)
	at org.apache.catalina.core.ContainerBase$ContainerBackgroundProcessor.processChildren(ContainerBase.java:1377)
	at org.apache.catalina.core.ContainerBase$ContainerBackgroundProcessor.processChildren(ContainerBase.java:1381)
	at org.apache.catalina.core.ContainerBase$ContainerBackgroundProcessor.run(ContainerBase.java:1349)
	at java.lang.Thread.run(Thread.java:745)

26-Jan-2017 17:33:47.251 INFO [ContainerBackgroundProcessor[StandardEngine[Catalina]]] org.apache.catalina.startup.HostConfig.undeploy Undeploying context [/manager]
26-Jan-2017 17:33:47.254 WARNING [ContainerBackgroundProcessor[StandardEngine[Catalina]]] org.apache.catalina.loader.WebappClassLoaderBase.clearReferencesJdbc JDBC driver de-registration failed for web application [manager]
 java.lang.NullPointerException
	at org.apache.catalina.loader.WebappClassLoaderBase.clearReferencesJdbc(WebappClassLoaderBase.java:1652)
	at org.apache.catalina.loader.WebappClassLoaderBase.clearReferences(WebappClassLoaderBase.java:1585)
	at org.apache.catalina.loader.WebappClassLoaderBase.stop(WebappClassLoaderBase.java:1537)
	at org.apache.catalina.loader.WebappLoader.stopInternal(WebappLoader.java:446)
	at org.apache.catalina.util.LifecycleBase.stop(LifecycleBase.java:221)
	at org.apache.catalina.core.StandardContext.stopInternal(StandardContext.java:5572)
	at org.apache.catalina.util.LifecycleBase.stop(LifecycleBase.java:221)
	at org.apache.catalina.core.ContainerBase.removeChild(ContainerBase.java:849)
	at org.apache.catalina.startup.HostConfig.undeploy(HostConfig.java:1395)
	at org.apache.catalina.startup.HostConfig.checkResources(HostConfig.java:1321)
	at org.apache.catalina.startup.HostConfig.check(HostConfig.java:1581)
	at org.apache.catalina.startup.HostConfig.lifecycleEvent(HostConfig.java:284)
	at org.apache.catalina.util.LifecycleSupport.fireLifecycleEvent(LifecycleSupport.java:95)
	at org.apache.catalina.util.LifecycleBase.fireLifecycleEvent(LifecycleBase.java:90)
	at org.apache.catalina.core.ContainerBase.backgroundProcess(ContainerBase.java:1168)
	at org.apache.catalina.core.ContainerBase$ContainerBackgroundProcessor.processChildren(ContainerBase.java:1377)
	at org.apache.catalina.core.ContainerBase$ContainerBackgroundProcessor.processChildren(ContainerBase.java:1381)
	at org.apache.catalina.core.ContainerBase$ContainerBackgroundProcessor.run(ContainerBase.java:1349)
	at java.lang.Thread.run(Thread.java:745)

26-Jan-2017 17:33:47.761 INFO [ContainerBackgroundProcessor[StandardEngine[Catalina]]] org.apache.catalina.startup.HostConfig.undeploy Undeploying context [/docs]
26-Jan-2017 17:33:47.763 WARNING [ContainerBackgroundProcessor[StandardEngine[Catalina]]] org.apache.catalina.loader.WebappClassLoaderBase.clearReferencesJdbc JDBC driver de-registration failed for web application [docs]
 java.lang.NullPointerException
	at org.apache.catalina.loader.WebappClassLoaderBase.clearReferencesJdbc(WebappClassLoaderBase.java:1652)
	at org.apache.catalina.loader.WebappClassLoaderBase.clearReferences(WebappClassLoaderBase.java:1585)
	at org.apache.catalina.loader.WebappClassLoaderBase.stop(WebappClassLoaderBase.java:1537)
	at org.apache.catalina.loader.WebappLoader.stopInternal(WebappLoader.java:446)
	at org.apache.catalina.util.LifecycleBase.stop(LifecycleBase.java:221)
	at org.apache.catalina.core.StandardContext.stopInternal(StandardContext.java:5572)
	at org.apache.catalina.util.LifecycleBase.stop(LifecycleBase.java:221)
	at org.apache.catalina.core.ContainerBase.removeChild(ContainerBase.java:849)
	at org.apache.catalina.startup.HostConfig.undeploy(HostConfig.java:1395)
	at org.apache.catalina.startup.HostConfig.checkResources(HostConfig.java:1321)
	at org.apache.catalina.startup.HostConfig.check(HostConfig.java:1581)
	at org.apache.catalina.startup.HostConfig.lifecycleEvent(HostConfig.java:284)
	at org.apache.catalina.util.LifecycleSupport.fireLifecycleEvent(LifecycleSupport.java:95)
	at org.apache.catalina.util.LifecycleBase.fireLifecycleEvent(LifecycleBase.java:90)
	at org.apache.catalina.core.ContainerBase.backgroundProcess(ContainerBase.java:1168)
	at org.apache.catalina.core.ContainerBase$ContainerBackgroundProcessor.processChildren(ContainerBase.java:1377)
	at org.apache.catalina.core.ContainerBase$ContainerBackgroundProcessor.processChildren(ContainerBase.java:1381)
	at org.apache.catalina.core.ContainerBase$ContainerBackgroundProcessor.run(ContainerBase.java:1349)
	at java.lang.Thread.run(Thread.java:745)

26-Jan-2017 18:09:02.044 INFO [localhost-startStop-2] org.apache.catalina.startup.HostConfig.deployDirectory Deploying web application directory /Users/Nicolas/Development/eclipse/workspace/service/apache-tomcat-8.0.41/webapps/docs
26-Jan-2017 18:09:02.064 INFO [localhost-startStop-2] org.apache.catalina.startup.HostConfig.deployDirectory Deployment of web application directory /Users/Nicolas/Development/eclipse/workspace/service/apache-tomcat-8.0.41/webapps/docs has finished in 20 ms
26-Jan-2017 18:09:02.064 INFO [localhost-startStop-2] org.apache.catalina.startup.HostConfig.deployDirectory Deploying web application directory /Users/Nicolas/Development/eclipse/workspace/service/apache-tomcat-8.0.41/webapps/examples
26-Jan-2017 18:09:02.263 INFO [localhost-startStop-2] org.apache.catalina.startup.HostConfig.deployDirectory Deployment of web application directory /Users/Nicolas/Development/eclipse/workspace/service/apache-tomcat-8.0.41/webapps/examples has finished in 199 ms
26-Jan-2017 18:09:02.263 INFO [localhost-startStop-2] org.apache.catalina.startup.HostConfig.deployDirectory Deploying web application directory /Users/Nicolas/Development/eclipse/workspace/service/apache-tomcat-8.0.41/webapps/host-manager
26-Jan-2017 18:09:02.287 INFO [localhost-startStop-2] org.apache.catalina.startup.HostConfig.deployDirectory Deployment of web application directory /Users/Nicolas/Development/eclipse/workspace/service/apache-tomcat-8.0.41/webapps/host-manager has finished in 24 ms
26-Jan-2017 18:09:02.287 INFO [localhost-startStop-2] org.apache.catalina.startup.HostConfig.deployDirectory Deploying web application directory /Users/Nicolas/Development/eclipse/workspace/service/apache-tomcat-8.0.41/webapps/manager
26-Jan-2017 18:09:02.313 INFO [localhost-startStop-2] org.apache.catalina.startup.HostConfig.deployDirectory Deployment of web application directory /Users/Nicolas/Development/eclipse/workspace/service/apache-tomcat-8.0.41/webapps/manager has finished in 26 ms
26-Jan-2017 18:09:02.313 INFO [localhost-startStop-2] org.apache.catalina.startup.HostConfig.deployDirectory Deploying web application directory /Users/Nicolas/Development/eclipse/workspace/service/apache-tomcat-8.0.41/webapps/ROOT
26-Jan-2017 18:09:02.346 INFO [localhost-startStop-2] org.apache.catalina.startup.HostConfig.deployDirectory Deployment of web application directory /Users/Nicolas/Development/eclipse/workspace/service/apache-tomcat-8.0.41/webapps/ROOT has finished in 33 ms
26-Jan-2017 18:09:18.891 INFO [main] org.apache.catalina.startup.VersionLoggerListener.log Server version:        Apache Tomcat/8.0.41
26-Jan-2017 18:09:18.894 INFO [main] org.apache.catalina.startup.VersionLoggerListener.log Server built:          Jan 18 2017 22:19:39 UTC
26-Jan-2017 18:09:18.894 INFO [main] org.apache.catalina.startup.VersionLoggerListener.log Server number:         8.0.41.0
26-Jan-2017 18:09:18.894 INFO [main] org.apache.catalina.startup.VersionLoggerListener.log OS Name:               Mac OS X
26-Jan-2017 18:09:18.895 INFO [main] org.apache.catalina.startup.VersionLoggerListener.log OS Version:            10.12
26-Jan-2017 18:09:18.895 INFO [main] org.apache.catalina.startup.VersionLoggerListener.log Architecture:          x86_64
26-Jan-2017 18:09:18.895 INFO [main] org.apache.catalina.startup.VersionLoggerListener.log Java Home:             /Library/Java/JavaVirtualMachines/jdk1.8.0_101.jdk/Contents/Home/jre
26-Jan-2017 18:09:18.895 INFO [main] org.apache.catalina.startup.VersionLoggerListener.log JVM Version:           1.8.0_101-b13
26-Jan-2017 18:09:18.895 INFO [main] org.apache.catalina.startup.VersionLoggerListener.log JVM Vendor:            Oracle Corporation
26-Jan-2017 18:09:18.895 INFO [main] org.apache.catalina.startup.VersionLoggerListener.log CATALINA_BASE:         /Users/Nicolas/Development/eclipse/workspace/service/apache-tomcat-8.0.41
26-Jan-2017 18:09:18.895 INFO [main] org.apache.catalina.startup.VersionLoggerListener.log CATALINA_HOME:         /Users/Nicolas/Development/eclipse/workspace/service/apache-tomcat-8.0.41
26-Jan-2017 18:09:18.896 INFO [main] org.apache.catalina.startup.VersionLoggerListener.log Command line argument: -Djava.util.logging.config.file=/Users/Nicolas/Development/eclipse/workspace/service/apache-tomcat-8.0.41/conf/logging.properties
26-Jan-2017 18:09:18.896 INFO [main] org.apache.catalina.startup.VersionLoggerListener.log Command line argument: -Djava.util.logging.manager=org.apache.juli.ClassLoaderLogManager
26-Jan-2017 18:09:18.896 INFO [main] org.apache.catalina.startup.VersionLoggerListener.log Command line argument: -Djdk.tls.ephemeralDHKeySize=2048
26-Jan-2017 18:09:18.896 INFO [main] org.apache.catalina.startup.VersionLoggerListener.log Command line argument: -Djava.protocol.handler.pkgs=org.apache.catalina.webresources
26-Jan-2017 18:09:18.897 INFO [main] org.apache.catalina.startup.VersionLoggerListener.log Command line argument: -Djava.endorsed.dirs=/Users/Nicolas/Development/eclipse/workspace/service/apache-tomcat-8.0.41/endorsed
26-Jan-2017 18:09:18.897 INFO [main] org.apache.catalina.startup.VersionLoggerListener.log Command line argument: -Dcatalina.base=/Users/Nicolas/Development/eclipse/workspace/service/apache-tomcat-8.0.41
26-Jan-2017 18:09:18.897 INFO [main] org.apache.catalina.startup.VersionLoggerListener.log Command line argument: -Dcatalina.home=/Users/Nicolas/Development/eclipse/workspace/service/apache-tomcat-8.0.41
26-Jan-2017 18:09:18.897 INFO [main] org.apache.catalina.startup.VersionLoggerListener.log Command line argument: -Djava.io.tmpdir=/Users/Nicolas/Development/eclipse/workspace/service/apache-tomcat-8.0.41/temp
26-Jan-2017 18:09:18.897 INFO [main] org.apache.catalina.core.AprLifecycleListener.lifecycleEvent The APR based Apache Tomcat Native library which allows optimal performance in production environments was not found on the java.library.path: /Users/Nicolas/Library/Java/Extensions:/Library/Java/Extensions:/Network/Library/Java/Extensions:/System/Library/Java/Extensions:/usr/lib/java:.
26-Jan-2017 18:09:19.051 INFO [main] org.apache.coyote.AbstractProtocol.init Initializing ProtocolHandler ["http-nio-8080"]
26-Jan-2017 18:09:19.071 SEVERE [main] org.apache.coyote.AbstractProtocol.init Failed to initialize end point associated with ProtocolHandler ["http-nio-8080"]
 java.net.BindException: Address already in use
	at sun.nio.ch.Net.bind0(Native Method)
	at sun.nio.ch.Net.bind(Net.java:433)
	at sun.nio.ch.Net.bind(Net.java:425)
	at sun.nio.ch.ServerSocketChannelImpl.bind(ServerSocketChannelImpl.java:223)
	at sun.nio.ch.ServerSocketAdaptor.bind(ServerSocketAdaptor.java:74)
	at org.apache.tomcat.util.net.NioEndpoint.bind(NioEndpoint.java:351)
	at org.apache.tomcat.util.net.AbstractEndpoint.init(AbstractEndpoint.java:810)
	at org.apache.coyote.AbstractProtocol.init(AbstractProtocol.java:476)
	at org.apache.coyote.http11.AbstractHttp11JsseProtocol.init(AbstractHttp11JsseProtocol.java:120)
	at org.apache.catalina.connector.Connector.initInternal(Connector.java:960)
	at org.apache.catalina.util.LifecycleBase.init(LifecycleBase.java:102)
	at org.apache.catalina.core.StandardService.initInternal(StandardService.java:568)
	at org.apache.catalina.util.LifecycleBase.init(LifecycleBase.java:102)
	at org.apache.catalina.core.StandardServer.initInternal(StandardServer.java:871)
	at org.apache.catalina.util.LifecycleBase.init(LifecycleBase.java:102)
	at org.apache.catalina.startup.Catalina.load(Catalina.java:580)
	at org.apache.catalina.startup.Catalina.load(Catalina.java:603)
	at sun.reflect.NativeMethodAccessorImpl.invoke0(Native Method)
	at sun.reflect.NativeMethodAccessorImpl.invoke(NativeMethodAccessorImpl.java:62)
	at sun.reflect.DelegatingMethodAccessorImpl.invoke(DelegatingMethodAccessorImpl.java:43)
	at java.lang.reflect.Method.invoke(Method.java:498)
	at org.apache.catalina.startup.Bootstrap.load(Bootstrap.java:310)
	at org.apache.catalina.startup.Bootstrap.main(Bootstrap.java:484)

26-Jan-2017 18:09:19.072 SEVERE [main] org.apache.catalina.core.StandardService.initInternal Failed to initialize connector [Connector[HTTP/1.1-8080]]
 org.apache.catalina.LifecycleException: Failed to initialize component [Connector[HTTP/1.1-8080]]
	at org.apache.catalina.util.LifecycleBase.init(LifecycleBase.java:107)
	at org.apache.catalina.core.StandardService.initInternal(StandardService.java:568)
	at org.apache.catalina.util.LifecycleBase.init(LifecycleBase.java:102)
	at org.apache.catalina.core.StandardServer.initInternal(StandardServer.java:871)
	at org.apache.catalina.util.LifecycleBase.init(LifecycleBase.java:102)
	at org.apache.catalina.startup.Catalina.load(Catalina.java:580)
	at org.apache.catalina.startup.Catalina.load(Catalina.java:603)
	at sun.reflect.NativeMethodAccessorImpl.invoke0(Native Method)
	at sun.reflect.NativeMethodAccessorImpl.invoke(NativeMethodAccessorImpl.java:62)
	at sun.reflect.DelegatingMethodAccessorImpl.invoke(DelegatingMethodAccessorImpl.java:43)
	at java.lang.reflect.Method.invoke(Method.java:498)
	at org.apache.catalina.startup.Bootstrap.load(Bootstrap.java:310)
	at org.apache.catalina.startup.Bootstrap.main(Bootstrap.java:484)
Caused by: org.apache.catalina.LifecycleException: Protocol handler initialization failed
	at org.apache.catalina.connector.Connector.initInternal(Connector.java:962)
	at org.apache.catalina.util.LifecycleBase.init(LifecycleBase.java:102)
	... 12 more
Caused by: java.net.BindException: Address already in use
	at sun.nio.ch.Net.bind0(Native Method)
	at sun.nio.ch.Net.bind(Net.java:433)
	at sun.nio.ch.Net.bind(Net.java:425)
	at sun.nio.ch.ServerSocketChannelImpl.bind(ServerSocketChannelImpl.java:223)
	at sun.nio.ch.ServerSocketAdaptor.bind(ServerSocketAdaptor.java:74)
	at org.apache.tomcat.util.net.NioEndpoint.bind(NioEndpoint.java:351)
	at org.apache.tomcat.util.net.AbstractEndpoint.init(AbstractEndpoint.java:810)
	at org.apache.coyote.AbstractProtocol.init(AbstractProtocol.java:476)
	at org.apache.coyote.http11.AbstractHttp11JsseProtocol.init(AbstractHttp11JsseProtocol.java:120)
	at org.apache.catalina.connector.Connector.initInternal(Connector.java:960)
	... 13 more

26-Jan-2017 18:09:19.073 INFO [main] org.apache.coyote.AbstractProtocol.init Initializing ProtocolHandler ["ajp-nio-8009"]
26-Jan-2017 18:09:19.074 SEVERE [main] org.apache.coyote.AbstractProtocol.init Failed to initialize end point associated with ProtocolHandler ["ajp-nio-8009"]
 java.net.BindException: Address already in use
	at sun.nio.ch.Net.bind0(Native Method)
	at sun.nio.ch.Net.bind(Net.java:433)
	at sun.nio.ch.Net.bind(Net.java:425)
	at sun.nio.ch.ServerSocketChannelImpl.bind(ServerSocketChannelImpl.java:223)
	at sun.nio.ch.ServerSocketAdaptor.bind(ServerSocketAdaptor.java:74)
	at org.apache.tomcat.util.net.NioEndpoint.bind(NioEndpoint.java:351)
	at org.apache.tomcat.util.net.AbstractEndpoint.init(AbstractEndpoint.java:810)
	at org.apache.coyote.AbstractProtocol.init(AbstractProtocol.java:476)
	at org.apache.catalina.connector.Connector.initInternal(Connector.java:960)
	at org.apache.catalina.util.LifecycleBase.init(LifecycleBase.java:102)
	at org.apache.catalina.core.StandardService.initInternal(StandardService.java:568)
	at org.apache.catalina.util.LifecycleBase.init(LifecycleBase.java:102)
	at org.apache.catalina.core.StandardServer.initInternal(StandardServer.java:871)
	at org.apache.catalina.util.LifecycleBase.init(LifecycleBase.java:102)
	at org.apache.catalina.startup.Catalina.load(Catalina.java:580)
	at org.apache.catalina.startup.Catalina.load(Catalina.java:603)
	at sun.reflect.NativeMethodAccessorImpl.invoke0(Native Method)
	at sun.reflect.NativeMethodAccessorImpl.invoke(NativeMethodAccessorImpl.java:62)
	at sun.reflect.DelegatingMethodAccessorImpl.invoke(DelegatingMethodAccessorImpl.java:43)
	at java.lang.reflect.Method.invoke(Method.java:498)
	at org.apache.catalina.startup.Bootstrap.load(Bootstrap.java:310)
	at org.apache.catalina.startup.Bootstrap.main(Bootstrap.java:484)

26-Jan-2017 18:09:19.075 SEVERE [main] org.apache.catalina.core.StandardService.initInternal Failed to initialize connector [Connector[AJP/1.3-8009]]
 org.apache.catalina.LifecycleException: Failed to initialize component [Connector[AJP/1.3-8009]]
	at org.apache.catalina.util.LifecycleBase.init(LifecycleBase.java:107)
	at org.apache.catalina.core.StandardService.initInternal(StandardService.java:568)
	at org.apache.catalina.util.LifecycleBase.init(LifecycleBase.java:102)
	at org.apache.catalina.core.StandardServer.initInternal(StandardServer.java:871)
	at org.apache.catalina.util.LifecycleBase.init(LifecycleBase.java:102)
	at org.apache.catalina.startup.Catalina.load(Catalina.java:580)
	at org.apache.catalina.startup.Catalina.load(Catalina.java:603)
	at sun.reflect.NativeMethodAccessorImpl.invoke0(Native Method)
	at sun.reflect.NativeMethodAccessorImpl.invoke(NativeMethodAccessorImpl.java:62)
	at sun.reflect.DelegatingMethodAccessorImpl.invoke(DelegatingMethodAccessorImpl.java:43)
	at java.lang.reflect.Method.invoke(Method.java:498)
	at org.apache.catalina.startup.Bootstrap.load(Bootstrap.java:310)
	at org.apache.catalina.startup.Bootstrap.main(Bootstrap.java:484)
Caused by: org.apache.catalina.LifecycleException: Protocol handler initialization failed
	at org.apache.catalina.connector.Connector.initInternal(Connector.java:962)
	at org.apache.catalina.util.LifecycleBase.init(LifecycleBase.java:102)
	... 12 more
Caused by: java.net.BindException: Address already in use
	at sun.nio.ch.Net.bind0(Native Method)
	at sun.nio.ch.Net.bind(Net.java:433)
	at sun.nio.ch.Net.bind(Net.java:425)
	at sun.nio.ch.ServerSocketChannelImpl.bind(ServerSocketChannelImpl.java:223)
	at sun.nio.ch.ServerSocketAdaptor.bind(ServerSocketAdaptor.java:74)
	at org.apache.tomcat.util.net.NioEndpoint.bind(NioEndpoint.java:351)
	at org.apache.tomcat.util.net.AbstractEndpoint.init(AbstractEndpoint.java:810)
	at org.apache.coyote.AbstractProtocol.init(AbstractProtocol.java:476)
	at org.apache.catalina.connector.Connector.initInternal(Connector.java:960)
	... 13 more

26-Jan-2017 18:09:19.075 INFO [main] org.apache.catalina.startup.Catalina.load Initialization processed in 596 ms
26-Jan-2017 18:09:19.096 INFO [main] org.apache.catalina.core.StandardService.startInternal Starting service Catalina
26-Jan-2017 18:09:19.096 INFO [main] org.apache.catalina.core.StandardEngine.startInternal Starting Servlet Engine: Apache Tomcat/8.0.41
26-Jan-2017 18:09:19.104 INFO [localhost-startStop-1] org.apache.catalina.startup.HostConfig.deployDirectory Deploying web application directory /Users/Nicolas/Development/eclipse/workspace/service/apache-tomcat-8.0.41/webapps/docs
26-Jan-2017 18:09:19.432 INFO [localhost-startStop-1] org.apache.catalina.startup.HostConfig.deployDirectory Deployment of web application directory /Users/Nicolas/Development/eclipse/workspace/service/apache-tomcat-8.0.41/webapps/docs has finished in 328 ms
26-Jan-2017 18:09:19.433 INFO [localhost-startStop-1] org.apache.catalina.startup.HostConfig.deployDirectory Deploying web application directory /Users/Nicolas/Development/eclipse/workspace/service/apache-tomcat-8.0.41/webapps/examples
26-Jan-2017 18:09:19.712 INFO [localhost-startStop-1] org.apache.catalina.startup.HostConfig.deployDirectory Deployment of web application directory /Users/Nicolas/Development/eclipse/workspace/service/apache-tomcat-8.0.41/webapps/examples has finished in 279 ms
26-Jan-2017 18:09:19.713 INFO [localhost-startStop-1] org.apache.catalina.startup.HostConfig.deployDirectory Deploying web application directory /Users/Nicolas/Development/eclipse/workspace/service/apache-tomcat-8.0.41/webapps/host-manager
26-Jan-2017 18:09:19.738 INFO [localhost-startStop-1] org.apache.catalina.startup.HostConfig.deployDirectory Deployment of web application directory /Users/Nicolas/Development/eclipse/workspace/service/apache-tomcat-8.0.41/webapps/host-manager has finished in 25 ms
26-Jan-2017 18:09:19.738 INFO [localhost-startStop-1] org.apache.catalina.startup.HostConfig.deployDirectory Deploying web application directory /Users/Nicolas/Development/eclipse/workspace/service/apache-tomcat-8.0.41/webapps/manager
26-Jan-2017 18:09:19.760 INFO [localhost-startStop-1] org.apache.catalina.startup.HostConfig.deployDirectory Deployment of web application directory /Users/Nicolas/Development/eclipse/workspace/service/apache-tomcat-8.0.41/webapps/manager has finished in 22 ms
26-Jan-2017 18:09:19.761 INFO [localhost-startStop-1] org.apache.catalina.startup.HostConfig.deployDirectory Deploying web application directory /Users/Nicolas/Development/eclipse/workspace/service/apache-tomcat-8.0.41/webapps/ROOT
26-Jan-2017 18:09:19.775 INFO [localhost-startStop-1] org.apache.catalina.startup.HostConfig.deployDirectory Deployment of web application directory /Users/Nicolas/Development/eclipse/workspace/service/apache-tomcat-8.0.41/webapps/ROOT has finished in 15 ms
26-Jan-2017 18:09:19.779 INFO [main] org.apache.catalina.startup.Catalina.start Server startup in 703 ms
26-Jan-2017 18:09:19.784 SEVERE [main] org.apache.catalina.core.StandardServer.await StandardServer.await: create[localhost:8005]: 
 java.net.BindException: Address already in use
	at java.net.PlainSocketImpl.socketBind(Native Method)
	at java.net.AbstractPlainSocketImpl.bind(AbstractPlainSocketImpl.java:387)
	at java.net.ServerSocket.bind(ServerSocket.java:375)
	at java.net.ServerSocket.<init>(ServerSocket.java:237)
	at org.apache.catalina.core.StandardServer.await(StandardServer.java:438)
	at org.apache.catalina.startup.Catalina.await(Catalina.java:717)
	at org.apache.catalina.startup.Catalina.start(Catalina.java:663)
	at sun.reflect.NativeMethodAccessorImpl.invoke0(Native Method)
	at sun.reflect.NativeMethodAccessorImpl.invoke(NativeMethodAccessorImpl.java:62)
	at sun.reflect.DelegatingMethodAccessorImpl.invoke(DelegatingMethodAccessorImpl.java:43)
	at java.lang.reflect.Method.invoke(Method.java:498)
	at org.apache.catalina.startup.Bootstrap.start(Bootstrap.java:351)
	at org.apache.catalina.startup.Bootstrap.main(Bootstrap.java:485)

26-Jan-2017 18:09:19.785 INFO [main] org.apache.coyote.AbstractProtocol.pause Pausing ProtocolHandler ["http-nio-8080"]
26-Jan-2017 18:09:19.785 INFO [main] org.apache.coyote.AbstractProtocol.pause Pausing ProtocolHandler ["ajp-nio-8009"]
26-Jan-2017 18:09:19.785 INFO [main] org.apache.catalina.core.StandardService.stopInternal Stopping service Catalina
26-Jan-2017 18:09:19.812 INFO [main] org.apache.coyote.AbstractProtocol.stop Stopping ProtocolHandler ["http-nio-8080"]
26-Jan-2017 18:09:19.812 INFO [main] org.apache.coyote.AbstractProtocol.destroy Destroying ProtocolHandler ["http-nio-8080"]
26-Jan-2017 18:09:19.812 INFO [main] org.apache.coyote.AbstractProtocol.stop Stopping ProtocolHandler ["ajp-nio-8009"]
26-Jan-2017 18:09:19.812 INFO [main] org.apache.coyote.AbstractProtocol.destroy Destroying ProtocolHandler ["ajp-nio-8009"]
